<?xml version="1.0" encoding="UTF-8"?>
<!-- Generated by org.testng.reporters.JUnitXMLReporter -->
<testsuite ignored="2" hostname="DESKTOP-Q28BER4" failures="0" tests="3" name="Test" time="0.062" errors="0" timestamp="2023-08-28T17:57:28 IST">
  <testcase classname="TestNGBasics.Login" name="login" time="0.01"/>
  <testcase classname="TestNGBasics.DeleteFromCart" name="delete" time="0.0"/>
  <testcase classname="TestNGBasics.PlaceOrder" name="plcaceOrder" time="0.002"/>
  <testcase classname="TestNGBasics.Register" name="register" time="0.0">
    <ignored/>
  </testcase> <!-- register -->
  <testcase classname="TestNGBasics.AddToCart" name="addToCart" time="0.0">
    <ignored/>
  </testcase> <!-- addToCart -->
</testsuite> <!-- Test -->
