<?xml version="1.0" encoding="UTF-8"?>
<testng-results ignored="0" total="1" passed="1" failed="0" skipped="0">
  <reporter-output>
  </reporter-output>
  <suite started-at="2023-08-29T18:03:22 IST" name="Default suite" finished-at="2023-08-29T18:03:30 IST" duration-ms="8873">
    <groups>
    </groups>
    <test started-at="2023-08-29T18:03:22 IST" name="Default test" finished-at="2023-08-29T18:03:30 IST" duration-ms="8873">
      <class name="TestCases.HandlingDropDown">
        <test-method signature="drop()[pri:0, instance:TestCases.HandlingDropDown@1b2abca6]" started-at="2023-08-29T18:03:22 IST" name="drop" finished-at="2023-08-29T18:03:30 IST" duration-ms="8827" status="PASS">
          <reporter-output>
          </reporter-output>
        </test-method> <!-- drop -->
      </class> <!-- TestCases.HandlingDropDown -->
    </test> <!-- Default test -->
  </suite> <!-- Default suite -->
</testng-results>
